<?xml version="1.0" encoding="UTF-8"?>
<!-- Generated by org.testng.reporters.JUnitReportReporter -->
<testsuite hostname="DESKTOP-OR3LN6T" name="com.test.NewImplementation.AppTest" tests="1" failures="0" timestamp="15 Aug 2018 15:34:07 GMT" time="47.615" errors="0">
  <testcase name="test" time="47.615" classname="com.test.NewImplementation.AppTest"/>
</testsuite> <!-- com.test.NewImplementation.AppTest -->
